<?xml version="1.0" encoding="UTF-8"?>
<testsuite xmlns:xsi="http://www.w3.org/2001/XMLSchema-instance" xsi:noNamespaceSchemaLocation="https://maven.apache.org/surefire/maven-surefire-plugin/xsd/surefire-test-report.xsd" name="Budget.BudgetBaseTest" time="1.173" tests="13" errors="0" skipped="0" failures="0">
  <properties>
[...]
</properties>
  <testcase name="testFocusShift" classname="Budget.BudgetBaseTest" time="0.388"/>
  <testcase name="testEnterPress" classname="Budget.BudgetBaseTest" time="0.045"/>
  <testcase name="checkPositiveIncomeColour" classname="Budget.BudgetBaseTest" time="0.034"/>
  <testcase name="shouldTotal" classname="Budget.BudgetBaseTest" time="0.058"/>
  <testcase name="testYearCalculations" classname="Budget.BudgetBaseTest" time="0.027"/>
  <testcase name="testSecondUndo" classname="Budget.BudgetBaseTest" time="0.166"/>
  <testcase name="checkEmptyInput" classname="Budget.BudgetBaseTest" time="0.016"/>
  <testcase name="testCalculateTotalIncome" classname="Budget.BudgetBaseTest" time="0.04"/>
  <testcase name="testWeekCalculations" classname="Budget.BudgetBaseTest" time="0.021"/>
  <testcase name="testFirstUndo" classname="Budget.BudgetBaseTest" time="0.092"/>
  <testcase name="checkNegativeIncomeColour" classname="Budget.BudgetBaseTest" time="0.019"/>
  <testcase name="testUnexpectedUndo" classname="Budget.BudgetBaseTest" time="0.229"/>
  <testcase name="checkInvalidInput" classname="Budget.BudgetBaseTest" time="0.026"/>
</testsuite>